#
# A fatal error has been detected by the Java Runtime Environment:
#
#  SIGSEGV (0xb) at pc=0x000000010c989027, pid=1180, tid=0x000000000000c813
#
# JRE version: Java(TM) SE Runtime Environment (8.0_192-b12) (build 1.8.0_192-b12)
# Java VM: Java HotSpot(TM) 64-Bit Server VM (25.192-b12 mixed mode bsd-amd64 compressed oops)
# Problematic frame:
# C  [libawt_lwawt.dylib+0x1c027]  OGLSD_SetScratchSurface+0x49
#
# Failed to write core dump. Core dumps have been disabled. To enable core dumping, try "ulimit -c unlimited" before starting Java again
#
# If you would like to submit a bug report, please visit:
#   http://bugreport.java.com/bugreport/crash.jsp
# The crash happened outside the Java Virtual Machine in native code.
# See problematic frame for where to report the bug.
#

---------------  T H R E A D  ---------------

Current thread (0x00007fe183152000):  JavaThread "Java2D Queue Flusher" daemon [_thread_in_native, id=51219, stack(0x0000700002ef8000,0x0000700002ff8000)]

siginfo: si_signo: 11 (SIGSEGV), si_code: 1 (SEGV_MAPERR), si_addr: 0x0000000000000002

Registers:
RAX=0x00000000ffffffff, RBX=0x0000000000000002, RCX=0x0000000000000047, RDX=0x000000010c9aab14
RSP=0x0000700002ff78d0, RBP=0x0000700002ff78f0, RSI=0x00007fe18608d1c0, RDI=0x00007fe1831521f8
R8 =0x0000000000000020, R9 =0x0000000000000000, R10=0x000000010dcdf7b8, R11=0x00000000e804475b
R12=0x0000000000000000, R13=0x0000000740223b98, R14=0x00007fe1831521f8, R15=0x00007fe183152000
RIP=0x000000010c989027, EFLAGS=0x0000000000010202, ERR=0x0000000000000004
  TRAPNO=0x000000000000000e

Top of Stack: (sp=0x0000700002ff78d0)
0x0000700002ff78d0:   00007fe18608d1c0 0000000000000000
0x0000700002ff78e0:   00007fe181b86e10 00007fe183152000
0x0000700002ff78f0:   0000700002ff7970 000000010c9aa5f2
0x0000700002ff7900:   0000000000000064 00007fe182949068
0x0000700002ff7910:   0000700002ff7970 0000000104751fb4
0x0000700002ff7920:   0000000000000005 00007fe183152000
0x0000700002ff7930:   0000000740223b01 00007fe181b86e20
0x0000700002ff7940:   0000700000ff7900 00007fe1831521f8
0x0000700002ff7950:   0000000000000000 0000000000000000
0x0000700002ff7960:   0000700002ff7900 00007fe183152000
0x0000700002ff7970:   0000700002ff79c0 000000010dcdf82a
0x0000700002ff7980:   0000000740223ac0 0000000100000000
0x0000700002ff7990:   00007fe18a3348d0 0000000000000001
0x0000700002ff79a0:   000000010dd24114 0000000000000001
0x0000700002ff79b0:   0000000000000000 0000000000000010
0x0000700002ff79c0:   00000000e8044758 000000010dd23fec
0x0000700002ff79d0:   0000000740223ac0 0000000000000000
0x0000700002ff79e0:   0000000740223b98 0000000000000000
0x0000700002ff79f0:   0000000740223b98 0000700002ff7a90
0x0000700002ff7a00:   0000000000000001 0000000000000000
0x0000700002ff7a10:   0000700002ff7a90 000000010d6e17a7
0x0000700002ff7a20:   0000000740223b98 0000000740223b98
0x0000700002ff7a30:   0000700000001fa0 000000000000000a
0x0000700002ff7a40:   00007fe183152000 0000000000000001
0x0000700002ff7a50:   000000010d6e171f 000000010a822bf0
0x0000700002ff7a60:   0000700002ff7b28 0000700002ff7dc0
0x0000700002ff7a70:   000000010000000a 000000010a822bf0
0x0000700002ff7a80:   000000010d6f4ae0 0000700002ff7d30
0x0000700002ff7a90:   0000700002ff7c40 00000001046f020a
0x0000700002ff7aa0:   0000700000000001 00007fe183152000
0x0000700002ff7ab0:   00007fe183152000 0000700002ff7dc0
0x0000700002ff7ac0:   00007fe182949060 000000010d6f4ae0 

Instructions: (pc=0x000000010c989027)
0x000000010c989007:   c0 e9 82 00 00 00 48 8b 5e 10 48 85 db 75 0e bf
0x000000010c989017:   01 00 00 00 48 8d 15 a8 96 03 00 eb d6 49 89 fe
0x000000010c989027:   4c 8b 3b 30 c0 e8 ff bc 02 00 49 8b 3f 49 89 c4
0x000000010c989037:   48 8b 35 02 29 06 00 30 c0 e8 0b be 02 00 48 85 

Register to memory mapping:

RAX=0x00000000ffffffff is an unknown value
RBX=0x0000000000000002 is an unknown value
RCX=0x0000000000000047 is an unknown value
RDX=0x000000010c9aab14: Java_sun_java2d_opengl_OGLRenderQueue_flushBuffer+0xb5c in /Library/Internet Plug-Ins/JavaAppletPlugin.plugin/Contents/Home/lib/libawt_lwawt.dylib at 0x000000010c96d000
RSP=0x0000700002ff78d0 is pointing into the stack for thread: 0x00007fe183152000
RBP=0x0000700002ff78f0 is pointing into the stack for thread: 0x00007fe183152000
RSI=0x00007fe18608d1c0 is an unknown value
RDI=0x00007fe1831521f8 is an unknown value
R8 =0x0000000000000020 is an unknown value
R9 =0x0000000000000000 is an unknown value
R10=0x000000010dcdf7b8 is at entry_point+56 in (nmethod*)0x000000010dcdf610
R11=0x00000000e804475b is an unknown value
R12=0x0000000000000000 is an unknown value
R13=0x0000000740223b98 is an oop
sun.java2d.opengl.OGLRenderQueue$QueueFlusher 
 - klass: 'sun/java2d/opengl/OGLRenderQueue$QueueFlusher'
R14=0x00007fe1831521f8 is an unknown value
R15=0x00007fe183152000 is a thread


Stack: [0x0000700002ef8000,0x0000700002ff8000],  sp=0x0000700002ff78d0,  free space=1022k
Native frames: (J=compiled Java code, j=interpreted, Vv=VM code, C=native code)
C  [libawt_lwawt.dylib+0x1c027]  OGLSD_SetScratchSurface+0x49
C  [libawt_lwawt.dylib+0x3d5f2]  Java_sun_java2d_opengl_OGLRenderQueue_flushBuffer+0x63a
J 2106  sun.java2d.opengl.OGLRenderQueue.flushBuffer(JI)V (0 bytes) @ 0x000000010dcdf82a [0x000000010dcdf780+0xaa]
J 3769% C2 sun.java2d.opengl.OGLRenderQueue$QueueFlusher.run()V (234 bytes) @ 0x000000010dd23fec [0x000000010dd23d00+0x2ec]
v  ~StubRoutines::call_stub
V  [libjvm.dylib+0x2f020a]
V  [libjvm.dylib+0x2f09ae]
V  [libjvm.dylib+0x2f0b5a]
V  [libjvm.dylib+0x34b449]
V  [libjvm.dylib+0x570127]
V  [libjvm.dylib+0x571822]
V  [libjvm.dylib+0x48e96a]
C  [libsystem_pthread.dylib+0x6109]  _pthread_start+0x94
C  [libsystem_pthread.dylib+0x1b8b]  thread_start+0xf
C  0x0000000000000000

Java frames: (J=compiled Java code, j=interpreted, Vv=VM code)
J 2106  sun.java2d.opengl.OGLRenderQueue.flushBuffer(JI)V (0 bytes) @ 0x000000010dcdf7b8 [0x000000010dcdf780+0x38]
J 3769% C2 sun.java2d.opengl.OGLRenderQueue$QueueFlusher.run()V (234 bytes) @ 0x000000010dd23fec [0x000000010dd23d00+0x2ec]
v  ~StubRoutines::call_stub

---------------  P R O C E S S  ---------------

Java Threads: ( => current thread )
  0x00007fe184919000 JavaThread "TimerQueue" daemon [_thread_blocked, id=74339, stack(0x0000700003407000,0x0000700003507000)]
  0x00007fe181be8800 JavaThread "DestroyJavaVM" [_thread_blocked, id=4099, stack(0x0000700001c39000,0x0000700001d39000)]
  0x00007fe18213a800 JavaThread "AWT-EventQueue-0" [_thread_blocked, id=73479, stack(0x0000700003201000,0x0000700003301000)]
  0x00007fe1819d3800 JavaThread "AWT-Shutdown" [_thread_blocked, id=39343, stack(0x0000700002cef000,0x0000700002def000)]
  0x00007fe1820fb000 JavaThread "Java2D Disposer" daemon [_thread_blocked, id=77843, stack(0x0000700002ffb000,0x00007000030fb000)]
=>0x00007fe183152000 JavaThread "Java2D Queue Flusher" daemon [_thread_in_native, id=51219, stack(0x0000700002ef8000,0x0000700002ff8000)]
  0x00007fe182194800 JavaThread "AppKit Thread" daemon [_thread_in_native, id=775, stack(0x00007ffeeb8bd000,0x00007ffeec0bd000)]
  0x00007fe181a8d800 JavaThread "Timer-0" daemon [_thread_blocked, id=14595, stack(0x0000700002b69000,0x0000700002c69000)]
  0x00007fe18302f000 JavaThread "Service Thread" daemon [_thread_blocked, id=13827, stack(0x0000700002963000,0x0000700002a63000)]
  0x00007fe18480c000 JavaThread "C1 CompilerThread2" daemon [_thread_blocked, id=17411, stack(0x0000700002860000,0x0000700002960000)]
  0x00007fe18480b000 JavaThread "C2 CompilerThread1" daemon [_thread_blocked, id=13315, stack(0x000070000275d000,0x000070000285d000)]
  0x00007fe181862000 JavaThread "C2 CompilerThread0" daemon [_thread_blocked, id=17923, stack(0x000070000265a000,0x000070000275a000)]
  0x00007fe181861000 JavaThread "Signal Dispatcher" daemon [_thread_blocked, id=12803, stack(0x0000700002557000,0x0000700002657000)]
  0x00007fe18300e800 JavaThread "Finalizer" daemon [_thread_blocked, id=20739, stack(0x000070000234e000,0x000070000244e000)]
  0x00007fe181834000 JavaThread "Reference Handler" daemon [_thread_blocked, id=21251, stack(0x000070000224b000,0x000070000234b000)]

Other Threads:
  0x00007fe18182d800 VMThread [stack: 0x0000700002148000,0x0000700002248000] [id=11011]
  0x00007fe18203e000 WatcherThread [stack: 0x0000700002a66000,0x0000700002b66000] [id=17155]

VM state:not at safepoint (normal execution)

VM Mutex/Monitor currently owned by a thread: None

heap address: 0x0000000740000000, size: 2048 MB, Compressed Oops mode: Zero based, Oop shift amount: 3
Narrow klass base: 0x0000000000000000, Narrow klass shift: 3
Compressed class space size: 1073741824 Address: 0x00000007c0000000

Heap:
 PSYoungGen      total 210432K, used 18599K [0x0000000795580000, 0x00000007a5180000, 0x00000007c0000000)
  eden space 197632K, 3% used [0x0000000795580000,0x0000000795b68a40,0x00000007a1680000)
  from space 12800K, 98% used [0x00000007a3e00000,0x00000007a4a41588,0x00000007a4a80000)
  to   space 7168K, 0% used [0x00000007a4a80000,0x00000007a4a80000,0x00000007a5180000)
 ParOldGen       total 58880K, used 31456K [0x0000000740000000, 0x0000000743980000, 0x0000000795580000)
  object space 58880K, 53% used [0x0000000740000000,0x0000000741eb82b0,0x0000000743980000)
 Metaspace       used 22127K, capacity 22582K, committed 22784K, reserved 1069056K
  class space    used 3140K, capacity 3276K, committed 3328K, reserved 1048576K

Card table byte_map: [0x000000010577f000,0x0000000105b80000] byte_map_base: 0x0000000101d7f000

Marking Bits: (ParMarkBitMap*) 0x0000000104cfae40
 Begin Bits: [0x0000000105e2b000, 0x0000000107e2b000)
 End Bits:   [0x0000000107e2b000, 0x0000000109e2b000)

Polling page: 0x0000000103bb2000

CodeCache: size=245760Kb used=13046Kb max_used=13257Kb free=232713Kb
 bounds [0x000000010d6e1000, 0x000000010e3f1000, 0x000000011c6e1000]
 total_blobs=4468 nmethods=3838 adapters=540
 compilation: enabled

Compilation events (10 events):
Event: 18477.370 Thread 0x00007fe18480b000 4492       4       mars.venus.editors.jeditsyntax.TextAreaPainter::paintLine (127 bytes)
Event: 18477.370 Thread 0x00007fe181862000 4493       4       mars.venus.editors.jeditsyntax.TextAreaPainter::paintSyntaxLine (112 bytes)
Event: 18477.407 Thread 0x00007fe181862000 nmethod 4493 0x000000010dca1890 code [0x000000010dca1c00, 0x000000010dca39d0]
Event: 18477.416 Thread 0x00007fe18480b000 nmethod 4492 0x000000010e023d50 code [0x000000010e024100, 0x000000010e025fd0]
Event: 18672.889 Thread 0x00007fe18480c000 4494   !   3       java.awt.Toolkit::removeAWTEventListener (183 bytes)
Event: 18672.891 Thread 0x00007fe18480c000 nmethod 4494 0x000000010db20810 code [0x000000010db20a80, 0x000000010db21ea8]
Event: 19050.797 Thread 0x00007fe18480b000 4495       4       sun.lwawt.LWCursorManager::updateCursorImpl (93 bytes)
Event: 19050.806 Thread 0x00007fe18480b000 nmethod 4495 0x000000010e3e52d0 code [0x000000010e3e54e0, 0x000000010e3e6210]
Event: 19408.265 Thread 0x00007fe181862000 4496       4       sun.lwawt.LWWindowPeer::notifyMouseEvent (649 bytes)
Event: 19408.448 Thread 0x00007fe181862000 nmethod 4496 0x000000010e197d90 code [0x000000010e198340, 0x000000010e19da48]

GC Heap History (10 events):
Event: 284.411 GC heap before
{Heap before GC invocations=14 (full 3):
 PSYoungGen      total 252416K, used 240069K [0x0000000795580000, 0x00000007a6b00000, 0x00000007c0000000)
  eden space 243712K, 94% used [0x0000000795580000,0x00000007a377b2c0,0x00000007a4380000)
  from space 8704K, 99% used [0x00000007a6280000,0x00000007a6af62b0,0x00000007a6b00000)
  to   space 12288K, 0% used [0x00000007a5300000,0x00000007a5300000,0x00000007a5f00000)
 ParOldGen       total 58880K, used 16977K [0x0000000740000000, 0x0000000743980000, 0x0000000795580000)
  object space 58880K, 28% used [0x0000000740000000,0x0000000741094540,0x0000000743980000)
 Metaspace       used 21195K, capacity 21674K, committed 22016K, reserved 1069056K
  class space    used 3099K, capacity 3236K, committed 3328K, reserved 1048576K
Event: 284.418 GC heap after
Heap after GC invocations=14 (full 3):
 PSYoungGen      total 244736K, used 10832K [0x0000000795580000, 0x00000007a6300000, 0x00000007c0000000)
  eden space 233472K, 0% used [0x0000000795580000,0x0000000795580000,0x00000007a3980000)
  from space 11264K, 96% used [0x00000007a5300000,0x00000007a5d941d0,0x00000007a5e00000)
  to   space 5120K, 0% used [0x00000007a5e00000,0x00000007a5e00000,0x00000007a6300000)
 ParOldGen       total 58880K, used 16985K [0x0000000740000000, 0x0000000743980000, 0x0000000795580000)
  object space 58880K, 28% used [0x0000000740000000,0x0000000741096540,0x0000000743980000)
 Metaspace       used 21195K, capacity 21674K, committed 22016K, reserved 1069056K
  class space    used 3099K, capacity 3236K, committed 3328K, reserved 1048576K
}
Event: 480.478 GC heap before
{Heap before GC invocations=15 (full 3):
 PSYoungGen      total 244736K, used 243369K [0x0000000795580000, 0x00000007a6300000, 0x00000007c0000000)
  eden space 233472K, 99% used [0x0000000795580000,0x00000007a3896400,0x00000007a3980000)
  from space 11264K, 96% used [0x00000007a5300000,0x00000007a5d941d0,0x00000007a5e00000)
  to   space 5120K, 0% used [0x00000007a5e00000,0x00000007a5e00000,0x00000007a6300000)
 ParOldGen       total 58880K, used 16985K [0x0000000740000000, 0x0000000743980000, 0x0000000795580000)
  object space 58880K, 28% used [0x0000000740000000,0x0000000741096540,0x0000000743980000)
 Metaspace       used 21507K, capacity 21962K, committed 22272K, reserved 1069056K
  class space    used 3121K, capacity 3268K, committed 3328K, reserved 1048576K
Event: 480.486 GC heap after
Heap after GC invocations=15 (full 3):
 PSYoungGen      total 225792K, used 1671K [0x0000000795580000, 0x00000007a6000000, 0x00000007c0000000)
  eden space 223744K, 0% used [0x0000000795580000,0x0000000795580000,0x00000007a3000000)
  from space 2048K, 81% used [0x00000007a5e00000,0x00000007a5fa1f10,0x00000007a6000000)
  to   space 13824K, 0% used [0x00000007a4500000,0x00000007a4500000,0x00000007a5280000)
 ParOldGen       total 58880K, used 17522K [0x0000000740000000, 0x0000000743980000, 0x0000000795580000)
  object space 58880K, 29% used [0x0000000740000000,0x000000074111c810,0x0000000743980000)
 Metaspace       used 21507K, capacity 21962K, committed 22272K, reserved 1069056K
  class space    used 3121K, capacity 3268K, committed 3328K, reserved 1048576K
}
Event: 514.714 GC heap before
{Heap before GC invocations=16 (full 3):
 PSYoungGen      total 225792K, used 218320K [0x0000000795580000, 0x00000007a6000000, 0x00000007c0000000)
  eden space 223744K, 96% used [0x0000000795580000,0x00000007a29120f0,0x00000007a3000000)
  from space 2048K, 81% used [0x00000007a5e00000,0x00000007a5fa1f10,0x00000007a6000000)
  to   space 13824K, 0% used [0x00000007a4500000,0x00000007a4500000,0x00000007a5280000)
 ParOldGen       total 58880K, used 17522K [0x0000000740000000, 0x0000000743980000, 0x0000000795580000)
  object space 58880K, 29% used [0x0000000740000000,0x000000074111c810,0x0000000743980000)
 Metaspace       used 21531K, capacity 22026K, committed 22272K, reserved 1069056K
  class space    used 3121K, capacity 3268K, committed 3328K, reserved 1048576K
Event: 514.721 GC heap after
Heap after GC invocations=16 (full 3):
 PSYoungGen      total 223744K, used 8862K [0x0000000795580000, 0x00000007a5e80000, 0x00000007c0000000)
  eden space 214528K, 0% used [0x0000000795580000,0x0000000795580000,0x00000007a2700000)
  from space 9216K, 96% used [0x00000007a4500000,0x00000007a4da7968,0x00000007a4e00000)
  to   space 13824K, 0% used [0x00000007a5100000,0x00000007a5100000,0x00000007a5e80000)
 ParOldGen       total 58880K, used 17970K [0x0000000740000000, 0x0000000743980000, 0x0000000795580000)
  object space 58880K, 30% used [0x0000000740000000,0x000000074118c810,0x0000000743980000)
 Metaspace       used 21531K, capacity 22026K, committed 22272K, reserved 1069056K
  class space    used 3121K, capacity 3268K, committed 3328K, reserved 1048576K
}
Event: 835.206 GC heap before
{Heap before GC invocations=17 (full 3):
 PSYoungGen      total 223744K, used 218437K [0x0000000795580000, 0x00000007a5e80000, 0x00000007c0000000)
  eden space 214528K, 97% used [0x0000000795580000,0x00000007a2229cd8,0x00000007a2700000)
  from space 9216K, 96% used [0x00000007a4500000,0x00000007a4da7968,0x00000007a4e00000)
  to   space 13824K, 0% used [0x00000007a5100000,0x00000007a5100000,0x00000007a5e80000)
 ParOldGen       total 58880K, used 17970K [0x0000000740000000, 0x0000000743980000, 0x0000000795580000)
  object space 58880K, 30% used [0x0000000740000000,0x000000074118c810,0x0000000743980000)
 Metaspace       used 21578K, capacity 22034K, committed 22272K, reserved 1069056K
  class space    used 3123K, capacity 3270K, committed 3328K, reserved 1048576K
Event: 835.213 GC heap after
Heap after GC invocations=17 (full 3):
 PSYoungGen      total 215040K, used 9022K [0x0000000795580000, 0x00000007a5a00000, 0x00000007c0000000)
  eden space 205824K, 0% used [0x0000000795580000,0x0000000795580000,0x00000007a1e80000)
  from space 9216K, 97% used [0x00000007a5100000,0x00000007a59cf968,0x00000007a5a00000)
  to   space 14336K, 0% used [0x00000007a3e00000,0x00000007a3e00000,0x00000007a4c00000)
 ParOldGen       total 58880K, used 18034K [0x0000000740000000, 0x0000000743980000, 0x0000000795580000)
  object space 58880K, 30% used [0x0000000740000000,0x000000074119c810,0x0000000743980000)
 Metaspace       used 21578K, capacity 22034K, committed 22272K, reserved 1069056K
  class space    used 3123K, capacity 3270K, committed 3328K, reserved 1048576K
}
Event: 19408.936 GC heap before
{Heap before GC invocations=18 (full 3):
 PSYoungGen      total 215040K, used 214846K [0x0000000795580000, 0x00000007a5a00000, 0x00000007c0000000)
  eden space 205824K, 100% used [0x0000000795580000,0x00000007a1e80000,0x00000007a1e80000)
  from space 9216K, 97% used [0x00000007a5100000,0x00000007a59cf968,0x00000007a5a00000)
  to   space 14336K, 0% used [0x00000007a3e00000,0x00000007a3e00000,0x00000007a4c00000)
 ParOldGen       total 58880K, used 18034K [0x0000000740000000, 0x0000000743980000, 0x0000000795580000)
  object space 58880K, 30% used [0x0000000740000000,0x000000074119c810,0x0000000743980000)
 Metaspace       used 22127K, capacity 22582K, committed 22784K, reserved 1069056K
  class space    used 3140K, capacity 3276K, committed 3328K, reserved 1048576K
Event: 19408.996 GC heap after
Heap after GC invocations=18 (full 3):
 PSYoungGen      total 210432K, used 12549K [0x0000000795580000, 0x00000007a5180000, 0x00000007c0000000)
  eden space 197632K, 0% used [0x0000000795580000,0x0000000795580000,0x00000007a1680000)
  from space 12800K, 98% used [0x00000007a3e00000,0x00000007a4a41588,0x00000007a4a80000)
  to   space 7168K, 0% used [0x00000007a4a80000,0x00000007a4a80000,0x00000007a5180000)
 ParOldGen       total 58880K, used 31456K [0x0000000740000000, 0x0000000743980000, 0x0000000795580000)
  object space 58880K, 53% used [0x0000000740000000,0x0000000741eb82b0,0x0000000743980000)
 Metaspace       used 22127K, capacity 22582K, committed 22784K, reserved 1069056K
  class space    used 3140K, capacity 3276K, committed 3328K, reserved 1048576K
}

Deoptimization events (10 events):
Event: 17584.134 Thread 0x00007fe184919000 Uncommon trap: reason=unstable_if action=reinterpret pc=0x000000010dbb7b8c method=javax.swing.Timer.post()V @ 9
Event: 17584.222 Thread 0x00007fe18213a800 Uncommon trap: reason=unstable_if action=reinterpret pc=0x000000010e16b82c method=mars.venus.editors.jeditsyntax.SyntaxStyle.getStyledFont(Ljava/awt/Font;)Ljava/awt/Font; @ 22
Event: 17589.546 Thread 0x00007fe18213a800 Uncommon trap: reason=unstable_if action=reinterpret pc=0x000000010e112964 method=mars.venus.editors.jeditsyntax.tokenmarker.TokenMarker.addToken(IB)V @ 54
Event: 17602.657 Thread 0x00007fe18213a800 Uncommon trap: reason=unstable_if action=reinterpret pc=0x000000010ddaba34 method=java.awt.Container.findComponentAtImpl(IIZ)Ljava/awt/Component; @ 6
Event: 17646.661 Thread 0x00007fe18213a800 Uncommon trap: reason=unstable_if action=reinterpret pc=0x000000010e13f144 method=java.util.LinkedHashMap.afterNodeAccess(Ljava/util/HashMap$Node;)V @ 41
Event: 17646.662 Thread 0x00007fe18213a800 Uncommon trap: reason=unstable_if action=reinterpret pc=0x000000010e236e58 method=java.util.LinkedHashMap.afterNodeAccess(Ljava/util/HashMap$Node;)V @ 41
Event: 17646.691 Thread 0x00007fe18213a800 Uncommon trap: reason=unstable_if action=reinterpret pc=0x000000010e155884 method=java.awt.Container.mixOnReshaping()V @ 54
Event: 17700.864 Thread 0x00007fe182194800 Uncommon trap: reason=unstable_if action=reinterpret pc=0x000000010dce6c2c method=sun.java2d.pipe.Region.contains(II)Z @ 5
Event: 17754.464 Thread 0x00007fe182194800 Uncommon trap: reason=unstable_if action=reinterpret pc=0x000000010e13c968 method=sun.java2d.pipe.Region.contains(II)Z @ 5
Event: 17818.005 Thread 0x00007fe18213a800 Uncommon trap: reason=unstable_if action=reinterpret pc=0x000000010e339afc method=javax.swing.LayoutComparator.compare(Ljava/awt/Component;Ljava/awt/Component;)I @ 2

Classes redefined (0 events):
No events

Internal exceptions (10 events):
Event: 18.497 Thread 0x00007fe18213a800 Implicit null exception at 0x000000010de231b5 to 0x000000010de241e5
Event: 18.842 Thread 0x00007fe18213a800 Implicit null exception at 0x000000010de3c2f8 to 0x000000010de3c5a5
Event: 510.436 Thread 0x00007fe18213a800 Implicit null exception at 0x000000010e033963 to 0x000000010e036a79
Event: 2583.963 Thread 0x00007fe182194800 Implicit null exception at 0x000000010dfd5e58 to 0x000000010dfd726d
Event: 2871.488 Thread 0x00007fe182194800 Implicit null exception at 0x000000010df445cc to 0x000000010df4471d
Event: 17483.571 Thread 0x00007fe182194800 Implicit null exception at 0x000000010e193654 to 0x000000010e19a0dd
Event: 17584.221 Thread 0x00007fe18213a800 Implicit null exception at 0x000000010e169f21 to 0x000000010e16b7d1
Event: 17646.661 Thread 0x00007fe18213a800 Implicit null exception at 0x000000010e13e782 to 0x000000010e13f11d
Event: 17646.662 Thread 0x00007fe18213a800 Implicit null exception at 0x000000010e236b9c to 0x000000010e236e35
Event: 17646.691 Thread 0x00007fe18213a800 Implicit null exception at 0x000000010e1554df to 0x000000010e155842

Events (10 events):
Event: 18276.572 Thread 0x00007fe181862000 flushing nmethod 0x000000010e12ab90
Event: 18276.572 Thread 0x00007fe181862000 flushing nmethod 0x000000010e137410
Event: 18276.572 Thread 0x00007fe181862000 flushing nmethod 0x000000010e166090
Event: 18276.572 Thread 0x00007fe181862000 flushing nmethod 0x000000010e192dd0
Event: 19408.934 Executing VM operation: ParallelGCFailedAllocation
Event: 19408.996 Executing VM operation: ParallelGCFailedAllocation done
Event: 19408.997 Executing VM operation: RevokeBias
Event: 19408.998 Executing VM operation: RevokeBias done
Event: 19408.998 Executing VM operation: RevokeBias
Event: 19408.998 Executing VM operation: RevokeBias done


Dynamic libraries:
0x00007fff327c3000 	/System/Library/Frameworks/Cocoa.framework/Versions/A/Cocoa
0x00007fff3ffb8000 	/System/Library/Frameworks/Security.framework/Versions/A/Security
0x00007fff31728000 	/System/Library/Frameworks/ApplicationServices.framework/Versions/A/ApplicationServices
0x00007fff6cc74000 	/usr/lib/libz.1.dylib
0x00007fff6a738000 	/usr/lib/libSystem.B.dylib
0x00007fff6c598000 	/usr/lib/libobjc.A.dylib
0x00007fff33665000 	/System/Library/Frameworks/CoreFoundation.framework/Versions/A/CoreFoundation
0x00007fff35d22000 	/System/Library/Frameworks/Foundation.framework/Versions/C/Foundation
0x00007fff30918000 	/System/Library/Frameworks/AppKit.framework/Versions/C/AppKit
0x00007fff33147000 	/System/Library/Frameworks/CoreData.framework/Versions/A/CoreData
0x00007fff6474e000 	/System/Library/PrivateFrameworks/UIFoundation.framework/Versions/A/UIFoundation
0x00007fff5f7e2000 	/System/Library/PrivateFrameworks/RemoteViewServices.framework/Versions/A/RemoteViewServices
0x00007fff672a8000 	/System/Library/PrivateFrameworks/XCTTargetBootstrap.framework/Versions/A/XCTTargetBootstrap
0x00007fff33532000 	/System/Library/Frameworks/CoreDisplay.framework/Versions/A/CoreDisplay
0x00007fff38bdc000 	/System/Library/Frameworks/Metal.framework/Versions/A/Metal
0x00007fff4d7cf000 	/System/Library/PrivateFrameworks/DesktopServicesPriv.framework/Versions/A/DesktopServicesPriv
0x00007fff6b873000 	/usr/lib/liblangid.dylib
0x00007fff4ca64000 	/System/Library/PrivateFrameworks/CoreSVG.framework/Versions/A/CoreSVG
0x00007fff6293e000 	/System/Library/PrivateFrameworks/SkyLight.framework/Versions/A/SkyLight
0x00007fff33ae6000 	/System/Library/Frameworks/CoreGraphics.framework/Versions/A/CoreGraphics
0x00007fff2f2ec000 	/System/Library/Frameworks/Accelerate.framework/Versions/A/Accelerate
0x00007fff6cb65000 	/usr/lib/libxml2.2.dylib
0x00007fff5876d000 	/System/Library/PrivateFrameworks/IconServices.framework/Versions/A/IconServices
0x00007fff36501000 	/System/Library/Frameworks/IOSurface.framework/Versions/A/IOSurface
0x00007fff6a262000 	/usr/lib/libDiagnosticMessagesClient.dylib
0x00007fff4d629000 	/System/Library/PrivateFrameworks/DFRFoundation.framework/Versions/A/DFRFoundation
0x00007fff6b602000 	/usr/lib/libicucore.A.dylib
0x00007fff31a5a000 	/System/Library/Frameworks/AudioToolbox.framework/Versions/A/AudioToolbox
0x00007fff31b3d000 	/System/Library/Frameworks/AudioUnit.framework/Versions/A/AudioUnit
0x00007fff6a93a000 	/usr/lib/libauto.dylib
0x00007fff4d6cb000 	/System/Library/PrivateFrameworks/DataDetectorsCore.framework/Versions/A/DataDetectorsCore
0x00007fff322e4000 	/System/Library/Frameworks/Carbon.framework/Versions/A/Frameworks/HIToolbox.framework/Versions/A/HIToolbox
0x00007fff3f1b4000 	/System/Library/Frameworks/QuartzCore.framework/Versions/A/QuartzCore
0x00007fff32623000 	/System/Library/Frameworks/Carbon.framework/Versions/A/Frameworks/SpeechRecognition.framework/Versions/A/SpeechRecognition
0x00007fff4d13d000 	/System/Library/PrivateFrameworks/CoreUI.framework/Versions/A/CoreUI
0x00007fff32bb2000 	/System/Library/Frameworks/CoreAudio.framework/Versions/A/CoreAudio
0x00007fff359e1000 	/System/Library/Frameworks/DiskArbitration.framework/Versions/A/DiskArbitration
0x00007fff5a7bd000 	/System/Library/PrivateFrameworks/MultitouchSupport.framework/Versions/A/MultitouchSupport
0x00007fff6b4c9000 	/usr/lib/libenergytrace.dylib
0x00007fff3645b000 	/System/Library/Frameworks/IOKit.framework/Versions/A/IOKit
0x00007fff34a4d000 	/System/Library/Frameworks/CoreServices.framework/Versions/A/CoreServices
0x00007fff5c975000 	/System/Library/PrivateFrameworks/PerformanceAnalysis.framework/Versions/A/PerformanceAnalysis
0x00007fff3e1e7000 	/System/Library/Frameworks/OpenGL.framework/Versions/A/OpenGL
0x00007fff327d1000 	/System/Library/Frameworks/ColorSync.framework/Versions/A/ColorSync
0x00007fff34169000 	/System/Library/Frameworks/CoreImage.framework/Versions/A/CoreImage
0x00007fff354c0000 	/System/Library/Frameworks/CoreText.framework/Versions/A/CoreText
0x00007fff36591000 	/System/Library/Frameworks/ImageIO.framework/Versions/A/ImageIO
0x00007fff6aa1e000 	/usr/lib/libc++.1.dylib
0x00007fff6aa9a000 	/usr/lib/libcompression.dylib
0x00007fff6a5a6000 	/usr/lib/libMobileGestalt.dylib
0x00007fff644b8000 	/System/Library/PrivateFrameworks/TextureIO.framework/Versions/A/TextureIO
0x00007fff6a89d000 	/usr/lib/libate.dylib
0x00007fff58976000 	/System/Library/PrivateFrameworks/InternationalSupport.framework/Versions/A/InternationalSupport
0x00007fff6d535000 	/usr/lib/system/libcache.dylib
0x00007fff6d53b000 	/usr/lib/system/libcommonCrypto.dylib
0x00007fff6d547000 	/usr/lib/system/libcompiler_rt.dylib
0x00007fff6d54f000 	/usr/lib/system/libcopyfile.dylib
0x00007fff6d559000 	/usr/lib/system/libcorecrypto.dylib
0x00007fff6d6f8000 	/usr/lib/system/libdispatch.dylib
0x00007fff6d739000 	/usr/lib/system/libdyld.dylib
0x00007fff6d770000 	/usr/lib/system/libkeymgr.dylib
0x00007fff6d77e000 	/usr/lib/system/liblaunch.dylib
0x00007fff6d77f000 	/usr/lib/system/libmacho.dylib
0x00007fff6d785000 	/usr/lib/system/libquarantine.dylib
0x00007fff6d788000 	/usr/lib/system/libremovefile.dylib
0x00007fff6d78a000 	/usr/lib/system/libsystem_asl.dylib
0x00007fff6d7a2000 	/usr/lib/system/libsystem_blocks.dylib
0x00007fff6d7a3000 	/usr/lib/system/libsystem_c.dylib
0x00007fff6d82b000 	/usr/lib/system/libsystem_configuration.dylib
0x00007fff6d82f000 	/usr/lib/system/libsystem_coreservices.dylib
0x00007fff6d833000 	/usr/lib/system/libsystem_darwin.dylib
0x00007fff6d83c000 	/usr/lib/system/libsystem_dnssd.dylib
0x00007fff6d844000 	/usr/lib/system/libsystem_featureflags.dylib
0x00007fff6d846000 	/usr/lib/system/libsystem_info.dylib
0x00007fff6d8c1000 	/usr/lib/system/libsystem_m.dylib
0x00007fff6d909000 	/usr/lib/system/libsystem_malloc.dylib
0x00007fff6d931000 	/usr/lib/system/libsystem_networkextension.dylib
0x00007fff6d93f000 	/usr/lib/system/libsystem_notify.dylib
0x00007fff6d95d000 	/usr/lib/system/libsystem_sandbox.dylib
0x00007fff6d962000 	/usr/lib/system/libsystem_secinit.dylib
0x00007fff6d894000 	/usr/lib/system/libsystem_kernel.dylib
0x00007fff6d949000 	/usr/lib/system/libsystem_platform.dylib
0x00007fff6d952000 	/usr/lib/system/libsystem_pthread.dylib
0x00007fff6d965000 	/usr/lib/system/libsystem_symptoms.dylib
0x00007fff6d96d000 	/usr/lib/system/libsystem_trace.dylib
0x00007fff6d985000 	/usr/lib/system/libunwind.dylib
0x00007fff6d98b000 	/usr/lib/system/libxpc.dylib
0x00007fff6aa71000 	/usr/lib/libc++abi.dylib
0x00007fff6b875000 	/usr/lib/liblzma.5.dylib
0x00007fff6b4f0000 	/usr/lib/libfakelink.dylib
0x00007fff6a82a000 	/usr/lib/libarchive.2.dylib
0x00007fff41069000 	/System/Library/Frameworks/SystemConfiguration.framework/Versions/A/SystemConfiguration
0x00007fff6a195000 	/usr/lib/libCRFSuite.dylib
0x00007fff31ed4000 	/System/Library/Frameworks/CFNetwork.framework/Versions/A/CFNetwork
0x00007fff6aa00000 	/usr/lib/libbsm.0.dylib
0x00007fff6d771000 	/usr/lib/system/libkxld.dylib
0x00007fff46fa6000 	/System/Library/PrivateFrameworks/AppleFSCompression.framework/Versions/A/AppleFSCompression
0x00007fff6ad8b000 	/usr/lib/libcoretls.dylib
0x00007fff6ada2000 	/usr/lib/libcoretls_cfhelpers.dylib
0x00007fff6c5de000 	/usr/lib/libpam.2.dylib
0x00007fff6c713000 	/usr/lib/libsqlite3.dylib
0x00007fff6cb52000 	/usr/lib/libxar.1.dylib
0x00007fff6aa11000 	/usr/lib/libbz2.1.0.dylib
0x00007fff6b511000 	/usr/lib/libiconv.2.dylib
0x00007fff6aa87000 	/usr/lib/libcharset.1.dylib
0x00007fff6c07b000 	/usr/lib/libnetwork.dylib
0x00007fff6c5e5000 	/usr/lib/libpcap.A.dylib
0x00007fff6a7df000 	/usr/lib/libapple_nghttp2.dylib
0x00007fff34e04000 	/System/Library/Frameworks/CoreServices.framework/Versions/A/Frameworks/FSEvents.framework/Versions/A/FSEvents
0x00007fff34ad4000 	/System/Library/Frameworks/CoreServices.framework/Versions/A/Frameworks/CarbonCore.framework/Versions/A/CarbonCore
0x00007fff35048000 	/System/Library/Frameworks/CoreServices.framework/Versions/A/Frameworks/Metadata.framework/Versions/A/Metadata
0x00007fff350e1000 	/System/Library/Frameworks/CoreServices.framework/Versions/A/Frameworks/OSServices.framework/Versions/A/OSServices
0x00007fff3510f000 	/System/Library/Frameworks/CoreServices.framework/Versions/A/Frameworks/SearchKit.framework/Versions/A/SearchKit
0x00007fff34a4e000 	/System/Library/Frameworks/CoreServices.framework/Versions/A/Frameworks/AE.framework/Versions/A/AE
0x00007fff34e0d000 	/System/Library/Frameworks/CoreServices.framework/Versions/A/Frameworks/LaunchServices.framework/Versions/A/LaunchServices
0x00007fff34db6000 	/System/Library/Frameworks/CoreServices.framework/Versions/A/Frameworks/DictionaryServices.framework/Versions/A/DictionaryServices
0x00007fff35177000 	/System/Library/Frameworks/CoreServices.framework/Versions/A/Frameworks/SharedFileList.framework/Versions/A/SharedFileList
0x00007fff3a006000 	/System/Library/Frameworks/NetFS.framework/Versions/A/NetFS
0x00007fff5aced000 	/System/Library/PrivateFrameworks/NetAuth.framework/Versions/A/NetAuth
0x00007fff67675000 	/System/Library/PrivateFrameworks/login.framework/Versions/A/Frameworks/loginsupport.framework/Versions/A/loginsupport
0x00007fff63f83000 	/System/Library/PrivateFrameworks/TCC.framework/Versions/A/TCC
0x00007fff4bbd7000 	/System/Library/PrivateFrameworks/CoreNLP.framework/Versions/A/CoreNLP
0x00007fff5a1ea000 	/System/Library/PrivateFrameworks/MetadataUtilities.framework/Versions/A/MetadataUtilities
0x00007fff6b94d000 	/usr/lib/libmecabra.dylib
0x00007fff6b8a5000 	/usr/lib/libmecab.dylib
0x00007fff6b501000 	/usr/lib/libgermantok.dylib
0x00007fff6a7c6000 	/usr/lib/libThaiTokenizer.dylib
0x00007fff6a1cc000 	/usr/lib/libChineseTokenizer.dylib
0x00007fff2f304000 	/System/Library/Frameworks/Accelerate.framework/Versions/A/Frameworks/vImage.framework/Versions/A/vImage
0x00007fff3076e000 	/System/Library/Frameworks/Accelerate.framework/Versions/A/Frameworks/vecLib.framework/Versions/A/vecLib
0x00007fff306ab000 	/System/Library/Frameworks/Accelerate.framework/Versions/A/Frameworks/vecLib.framework/Versions/A/libvMisc.dylib
0x00007fff304d3000 	/System/Library/Frameworks/Accelerate.framework/Versions/A/Frameworks/vecLib.framework/Versions/A/libvDSP.dylib
0x00007fff2f95b000 	/System/Library/Frameworks/Accelerate.framework/Versions/A/Frameworks/vecLib.framework/Versions/A/libBLAS.dylib
0x00007fff30097000 	/System/Library/Frameworks/Accelerate.framework/Versions/A/Frameworks/vecLib.framework/Versions/A/libLAPACK.dylib
0x00007fff30433000 	/System/Library/Frameworks/Accelerate.framework/Versions/A/Frameworks/vecLib.framework/Versions/A/libLinearAlgebra.dylib
0x00007fff304c0000 	/System/Library/Frameworks/Accelerate.framework/Versions/A/Frameworks/vecLib.framework/Versions/A/libSparseBLAS.dylib
0x00007fff30449000 	/System/Library/Frameworks/Accelerate.framework/Versions/A/Frameworks/vecLib.framework/Versions/A/libQuadrature.dylib
0x00007fff2fbc3000 	/System/Library/Frameworks/Accelerate.framework/Versions/A/Frameworks/vecLib.framework/Versions/A/libBNNS.dylib
0x00007fff3044f000 	/System/Library/Frameworks/Accelerate.framework/Versions/A/Frameworks/vecLib.framework/Versions/A/libSparse.dylib
0x00007fff58d5e000 	/System/Library/PrivateFrameworks/LanguageModeling.framework/Versions/A/LanguageModeling
0x00007fff4b587000 	/System/Library/PrivateFrameworks/CoreEmoji.framework/Versions/A/CoreEmoji
0x00007fff58e7c000 	/System/Library/PrivateFrameworks/LinguisticData.framework/Versions/A/LinguisticData
0x00007fff58e2d000 	/System/Library/PrivateFrameworks/Lexicon.framework/Versions/A/Lexicon
0x00007fff6aa88000 	/usr/lib/libcmph.dylib
0x00007fff3cbf5000 	/System/Library/Frameworks/OpenDirectory.framework/Versions/A/Frameworks/CFOpenDirectory.framework/Versions/A/CFOpenDirectory
0x00007fff3cc12000 	/System/Library/Frameworks/OpenDirectory.framework/Versions/A/OpenDirectory
0x00007fff45053000 	/System/Library/PrivateFrameworks/APFS.framework/Versions/A/APFS
0x00007fff40302000 	/System/Library/Frameworks/SecurityFoundation.framework/Versions/A/SecurityFoundation
0x00007fff6cb4e000 	/usr/lib/libutil.dylib
0x00007fff4cabc000 	/System/Library/PrivateFrameworks/CoreServicesStore.framework/Versions/A/CoreServicesStore
0x00007fff403b9000 	/System/Library/Frameworks/ServiceManagement.framework/Versions/A/ServiceManagement
0x00007fff48776000 	/System/Library/PrivateFrameworks/BackgroundTaskManagement.framework/Versions/A/BackgroundTaskManagement
0x00007fff6cc4b000 	/usr/lib/libxslt.1.dylib
0x00007fff47619000 	/System/Library/PrivateFrameworks/AppleSystemInfo.framework/Versions/A/AppleSystemInfo
0x00007fff367ac000 	/System/Library/Frameworks/ImageIO.framework/Versions/A/Resources/libJPEG.dylib
0x00007fff36a6a000 	/System/Library/Frameworks/ImageIO.framework/Versions/A/Resources/libTIFF.dylib
0x00007fff36a4d000 	/System/Library/Frameworks/ImageIO.framework/Versions/A/Resources/libPng.dylib
0x00007fff366ee000 	/System/Library/Frameworks/ImageIO.framework/Versions/A/Resources/libGIF.dylib
0x00007fff366f2000 	/System/Library/Frameworks/ImageIO.framework/Versions/A/Resources/libJP2.dylib
0x00007fff36a68000 	/System/Library/Frameworks/ImageIO.framework/Versions/A/Resources/libRadiance.dylib
0x00007fff6b4ca000 	/usr/lib/libexpat.1.dylib
0x00007fff47101000 	/System/Library/PrivateFrameworks/AppleJPEG.framework/Versions/A/AppleJPEG
0x00007fff4fdd2000 	/System/Library/PrivateFrameworks/FontServices.framework/libFontParser.dylib
0x00007fff66677000 	/System/Library/PrivateFrameworks/WatchdogClient.framework/Versions/A/WatchdogClient
0x00007fff583b9000 	/System/Library/PrivateFrameworks/IOAccelerator.framework/Versions/A/IOAccelerator
0x00007fff38f77000 	/System/Library/Frameworks/MetalPerformanceShaders.framework/Versions/A/MetalPerformanceShaders
0x00007fff54b4f000 	/System/Library/PrivateFrameworks/GPUWrangler.framework/Versions/A/GPUWrangler
0x00007fff583ce000 	/System/Library/PrivateFrameworks/IOPresentment.framework/Versions/A/IOPresentment
0x00007fff4d63c000 	/System/Library/PrivateFrameworks/DSExternalDisplay.framework/Versions/A/DSExternalDisplay
0x00007fff3d586000 	/System/Library/Frameworks/OpenGL.framework/Versions/A/Libraries/libCoreFSCache.dylib
0x00007fff38cc3000 	/System/Library/Frameworks/MetalPerformanceShaders.framework/Frameworks/MPSCore.framework/Versions/A/MPSCore
0x00007fff38d01000 	/System/Library/Frameworks/MetalPerformanceShaders.framework/Frameworks/MPSImage.framework/Versions/A/MPSImage
0x00007fff38dc8000 	/System/Library/Frameworks/MetalPerformanceShaders.framework/Frameworks/MPSNeuralNetwork.framework/Versions/A/MPSNeuralNetwork
0x00007fff38d8c000 	/System/Library/Frameworks/MetalPerformanceShaders.framework/Frameworks/MPSMatrix.framework/Versions/A/MPSMatrix
0x00007fff38f27000 	/System/Library/Frameworks/MetalPerformanceShaders.framework/Frameworks/MPSRayIntersector.framework/Versions/A/MPSRayIntersector
0x00007fff38db2000 	/System/Library/Frameworks/MetalPerformanceShaders.framework/Frameworks/MPSNDArray.framework/Versions/A/MPSNDArray
0x00007fff5a237000 	/System/Library/PrivateFrameworks/MetalTools.framework/Versions/A/MetalTools
0x00007fff4622d000 	/System/Library/PrivateFrameworks/AggregateDictionary.framework/Versions/A/AggregateDictionary
0x00007fff4afcf000 	/System/Library/PrivateFrameworks/CoreAnalytics.framework/Versions/A/CoreAnalytics
0x00007fff47538000 	/System/Library/PrivateFrameworks/AppleSauce.framework/Versions/A/AppleSauce
0x00007fff6a488000 	/usr/lib/libIOReport.dylib
0x00007fff35678000 	/System/Library/Frameworks/CoreVideo.framework/Versions/A/CoreVideo
0x00007fff55fc8000 	/System/Library/PrivateFrameworks/GraphVisualizer.framework/Versions/A/GraphVisualizer
0x00007fff4f318000 	/System/Library/PrivateFrameworks/FaceCore.framework/Versions/A/FaceCore
0x00007fff3cb9c000 	/System/Library/Frameworks/OpenCL.framework/Versions/A/OpenCL
0x00007fff6a2aa000 	/usr/lib/libFosl_dynamic.dylib
0x00007fff5b70d000 	/System/Library/PrivateFrameworks/OTSVG.framework/Versions/A/OTSVG
0x00007fff3182d000 	/System/Library/Frameworks/ApplicationServices.framework/Versions/A/Frameworks/ATS.framework/Versions/A/Resources/libFontRegistry.dylib
0x00007fff4ffa3000 	/System/Library/PrivateFrameworks/FontServices.framework/libhvf.dylib
0x00007fff3d591000 	/System/Library/Frameworks/OpenGL.framework/Versions/A/Libraries/libGFXShared.dylib
0x00007fff3d76f000 	/System/Library/Frameworks/OpenGL.framework/Versions/A/Libraries/libGLU.dylib
0x00007fff3d59a000 	/System/Library/Frameworks/OpenGL.framework/Versions/A/Libraries/libGL.dylib
0x00007fff3d5a5000 	/System/Library/Frameworks/OpenGL.framework/Versions/A/Libraries/libGLImage.dylib
0x00007fff3d583000 	/System/Library/Frameworks/OpenGL.framework/Versions/A/Libraries/libCVMSPluginSupport.dylib
0x00007fff3d58c000 	/System/Library/Frameworks/OpenGL.framework/Versions/A/Libraries/libCoreVMClient.dylib
0x00007fff6bf1c000 	/usr/lib/libncurses.5.4.dylib
0x00007fff31729000 	/System/Library/Frameworks/ApplicationServices.framework/Versions/A/Frameworks/ATS.framework/Versions/A/ATS
0x00007fff318f6000 	/System/Library/Frameworks/ApplicationServices.framework/Versions/A/Frameworks/ColorSyncLegacy.framework/Versions/A/ColorSyncLegacy
0x00007fff31994000 	/System/Library/Frameworks/ApplicationServices.framework/Versions/A/Frameworks/HIServices.framework/Versions/A/HIServices
0x00007fff319ec000 	/System/Library/Frameworks/ApplicationServices.framework/Versions/A/Frameworks/LangAnalysis.framework/Versions/A/LangAnalysis
0x00007fff319fb000 	/System/Library/Frameworks/ApplicationServices.framework/Versions/A/Frameworks/PrintCore.framework/Versions/A/PrintCore
0x00007fff31a41000 	/System/Library/Frameworks/ApplicationServices.framework/Versions/A/Frameworks/QD.framework/Versions/A/QD
0x00007fff31a4c000 	/System/Library/Frameworks/ApplicationServices.framework/Versions/A/Frameworks/SpeechSynthesis.framework/Versions/A/SpeechSynthesis
0x00007fff318c6000 	/System/Library/Frameworks/ApplicationServices.framework/Versions/A/Frameworks/ATSUI.framework/Versions/A/ATSUI
0x00007fff6b360000 	/usr/lib/libcups.2.dylib
0x00007fff38012000 	/System/Library/Frameworks/Kerberos.framework/Versions/A/Kerberos
0x00007fff36154000 	/System/Library/Frameworks/GSS.framework/Versions/A/GSS
0x00007fff6c69f000 	/usr/lib/libresolv.9.dylib
0x00007fff56175000 	/System/Library/PrivateFrameworks/Heimdal.framework/Versions/A/Heimdal
0x00007fff38025000 	/System/Library/Frameworks/Kerberos.framework/Versions/A/Libraries/libHeimdalProxy.dylib
0x00007fff6b507000 	/usr/lib/libheimdal-asn1.dylib
0x00007fff4a467000 	/System/Library/PrivateFrameworks/CommonAuth.framework/Versions/A/CommonAuth
0x00007fff476b6000 	/System/Library/PrivateFrameworks/AssertionServices.framework/Versions/A/AssertionServices
0x00007fff48259000 	/System/Library/PrivateFrameworks/AudioToolboxCore.framework/Versions/A/AudioToolboxCore
0x00007fff67325000 	/System/Library/PrivateFrameworks/caulk.framework/Versions/A/caulk
0x00007fff48822000 	/System/Library/PrivateFrameworks/BaseBoard.framework/Versions/A/BaseBoard
0x00007fff5f970000 	/System/Library/PrivateFrameworks/RunningBoardServices.framework/Versions/A/RunningBoardServices
0x00007fff5c981000 	/System/Library/PrivateFrameworks/PersistentConnection.framework/Versions/A/PersistentConnection
0x00007fff5f369000 	/System/Library/PrivateFrameworks/ProtocolBuffer.framework/Versions/A/ProtocolBuffer
0x00007fff4a48b000 	/System/Library/PrivateFrameworks/CommonUtilities.framework/Versions/A/CommonUtilities
0x00007fff489b0000 	/System/Library/PrivateFrameworks/Bom.framework/Versions/A/Bom
0x00007fff6a15b000 	/usr/lib/libAudioToolboxUtility.dylib
0x00007fff48780000 	/System/Library/PrivateFrameworks/Backup.framework/Versions/A/Backup
0x00007fff4d55d000 	/System/Library/PrivateFrameworks/CrashReporterSupport.framework/Versions/A/CrashReporterSupport
0x00007fff61402000 	/System/Library/PrivateFrameworks/Sharing.framework/Versions/A/Sharing
0x00007fff46cc4000 	/System/Library/PrivateFrameworks/Apple80211.framework/Versions/A/Apple80211
0x00007fff4849d000 	/System/Library/PrivateFrameworks/AuthKit.framework/Versions/A/AuthKit
0x00007fff4d26a000 	/System/Library/PrivateFrameworks/CoreUtils.framework/Versions/A/CoreUtils
0x00007fff356bd000 	/System/Library/Frameworks/CoreWLAN.framework/Versions/A/CoreWLAN
0x00007fff362e1000 	/System/Library/Frameworks/IOBluetooth.framework/Versions/A/IOBluetooth
0x00007fff5a53c000 	/System/Library/PrivateFrameworks/MobileKeyBag.framework/Versions/A/MobileKeyBag
0x00007fff4c06f000 	/System/Library/PrivateFrameworks/CorePhoneNumbers.framework/Versions/A/CorePhoneNumbers
0x00007fff470b4000 	/System/Library/PrivateFrameworks/AppleIDAuthSupport.framework/Versions/A/AppleIDAuthSupport
0x00007fff3a013000 	/System/Library/Frameworks/Network.framework/Versions/A/Network
0x00007fff58c0a000 	/System/Library/PrivateFrameworks/KeychainCircle.framework/Versions/A/KeychainCircle
0x00007fff3310e000 	/System/Library/Frameworks/CoreBluetooth.framework/Versions/A/CoreBluetooth
0x00007fff63481000 	/System/Library/PrivateFrameworks/SpeechRecognitionCore.framework/Versions/A/SpeechRecognitionCore
0x0000000104400000 	/Library/Internet Plug-Ins/JavaAppletPlugin.plugin/Contents/Home/lib/server/libjvm.dylib
0x00007fff6ca21000 	/usr/lib/libstdc++.6.dylib
0x0000000103b6e000 	/Library/Internet Plug-Ins/JavaAppletPlugin.plugin/Contents/Home/lib/libverify.dylib
0x0000000103b7c000 	/Library/Internet Plug-Ins/JavaAppletPlugin.plugin/Contents/Home/lib/libjava.dylib
0x00000001053b6000 	/Library/Internet Plug-Ins/JavaAppletPlugin.plugin/Contents/Home/lib/libzip.dylib
0x000000010c7c9000 	/Library/Internet Plug-Ins/JavaAppletPlugin.plugin/Contents/Home/lib/libosx.dylib
0x000000010c7d7000 	/Library/Internet Plug-Ins/JavaAppletPlugin.plugin/Contents/Home/lib/libosxapp.dylib
0x00007fff37ffc000 	/System/Library/Frameworks/JavaVM.framework/Versions/A/Frameworks/JavaNativeFoundation.framework/Versions/A/JavaNativeFoundation
0x00007fff38005000 	/System/Library/Frameworks/JavaVM.framework/Versions/A/Frameworks/JavaRuntimeSupport.framework/Versions/A/JavaRuntimeSupport
0x00007fff322df000 	/System/Library/Frameworks/Carbon.framework/Versions/A/Carbon
0x00007fff35bbd000 	/System/Library/Frameworks/ExceptionHandling.framework/Versions/A/ExceptionHandling
0x00007fff322e0000 	/System/Library/Frameworks/Carbon.framework/Versions/A/Frameworks/CommonPanels.framework/Versions/A/CommonPanels
0x00007fff325d9000 	/System/Library/Frameworks/Carbon.framework/Versions/A/Frameworks/Help.framework/Versions/A/Help
0x00007fff325dd000 	/System/Library/Frameworks/Carbon.framework/Versions/A/Frameworks/ImageCapture.framework/Versions/A/ImageCapture
0x00007fff325e4000 	/System/Library/Frameworks/Carbon.framework/Versions/A/Frameworks/OpenScripting.framework/Versions/A/OpenScripting
0x00007fff325e3000 	/System/Library/Frameworks/Carbon.framework/Versions/A/Frameworks/Ink.framework/Versions/A/Ink
0x00007fff3261f000 	/System/Library/Frameworks/Carbon.framework/Versions/A/Frameworks/Print.framework/Versions/A/Print
0x00007fff32620000 	/System/Library/Frameworks/Carbon.framework/Versions/A/Frameworks/SecurityHI.framework/Versions/A/SecurityHI
0x00007fff3800d000 	/System/Library/Frameworks/JavaVM.framework/Versions/A/JavaVM
0x00007fff58a21000 	/System/Library/PrivateFrameworks/JavaLaunching.framework/Versions/A/JavaLaunching
0x00007fff4d00f000 	/System/Library/PrivateFrameworks/CoreSymbolication.framework/Versions/A/CoreSymbolication
0x00007fff4d791000 	/System/Library/PrivateFrameworks/DebugSymbols.framework/Versions/A/DebugSymbols
0x000000010c7f8000 	/Library/Internet Plug-Ins/JavaAppletPlugin.plugin/Contents/Home/lib/libawt.dylib
0x000000010c8a1000 	/Library/Internet Plug-Ins/JavaAppletPlugin.plugin/Contents/Home/lib/libmlib_image.dylib
0x000000010c96d000 	/Library/Internet Plug-Ins/JavaAppletPlugin.plugin/Contents/Home/lib/libawt_lwawt.dylib
0x00007fff4ca88000 	/System/Library/PrivateFrameworks/CoreServicesInternal.framework/Versions/A/CoreServicesInternal
0x00007fff35bdc000 	/System/Library/Frameworks/FileProvider.framework/Versions/A/FileProvider
0x00007fff3076f000 	/System/Library/Frameworks/Accounts.framework/Versions/A/Accounts
0x00007fff54e74000 	/System/Library/PrivateFrameworks/GenerationalStorage.framework/Versions/A/GenerationalStorage
0x00007fff63cc3000 	/System/Library/PrivateFrameworks/SymptomDiagnosticReporter.framework/Versions/A/SymptomDiagnosticReporter
0x00007fff467c8000 	/System/Library/PrivateFrameworks/AppContainer.framework/Versions/A/AppContainer
0x00007fff6c6b9000 	/usr/lib/libsandbox.1.dylib
0x00007fff6561b000 	/System/Library/PrivateFrameworks/UserManagement.framework/Versions/A/UserManagement
0x00007fff4956c000 	/System/Library/PrivateFrameworks/ChunkingLibrary.framework/Versions/A/ChunkingLibrary
0x00007fff4683a000 	/System/Library/PrivateFrameworks/AppSandbox.framework/Versions/A/AppSandbox
0x00007fff6128c000 	/System/Library/PrivateFrameworks/SecCodeWrapper.framework/Versions/A/SecCodeWrapper
0x00007fff6a570000 	/usr/lib/libMatch.1.dylib
0x00007fff26757000 	/System/Library/CoreServices/RawCamera.bundle/Contents/MacOS/RawCamera
0x00007fff5a366000 	/System/Library/PrivateFrameworks/MobileAsset.framework/Versions/A/MobileAsset
0x00007fff63b6b000 	/System/Library/PrivateFrameworks/StreamingZip.framework/Versions/A/StreamingZip
0x00007fff3848d000 	/System/Library/Frameworks/MediaToolbox.framework/Versions/A/MediaToolbox
0x00007fff4af7f000 	/System/Library/PrivateFrameworks/CoreAVCHD.framework/Versions/A/CoreAVCHD
0x00007fff383b7000 	/System/Library/Frameworks/MediaAccessibility.framework/Versions/A/MediaAccessibility
0x00007fff5971a000 	/System/Library/PrivateFrameworks/Mangrove.framework/Versions/A/Mangrove
0x00007fff34885000 	/System/Library/Frameworks/CoreMedia.framework/Versions/A/CoreMedia
0x00007fff59986000 	/System/Library/PrivateFrameworks/MediaExperience.framework/Versions/A/MediaExperience
0x00007fff41363000 	/System/Library/Frameworks/VideoToolbox.framework/Versions/A/VideoToolbox
0x00007fff4aba9000 	/System/Library/PrivateFrameworks/CoreAUC.framework/Versions/A/CoreAUC
0x00007fff6c711000 	/usr/lib/libspindump.dylib
0x00007fff47c08000 	/System/Library/PrivateFrameworks/AudioResourceArbitration.framework/Versions/A/AudioResourceArbitration
0x00007fff4761d000 	/System/Library/PrivateFrameworks/AppleVA.framework/Versions/A/AppleVA
0x00007fff2f2ed000 	/System/Library/Frameworks/Accelerate.framework/Versions/A/Frameworks/vImage.framework/Versions/A/Libraries/libCGInterfaces.dylib
0x000000011cf62000 	/usr/lib/libobjc-trampolines.dylib
0x00007fff4ff0a000 	/System/Library/PrivateFrameworks/FontServices.framework/libTrueTypeScaler.dylib
0x00007fff2c065000 	/System/Library/Extensions/AppleIntelKBLGraphicsMTLDriver.bundle/Contents/MacOS/AppleIntelKBLGraphicsMTLDriver
0x00007fff53494000 	/System/Library/PrivateFrameworks/GPUCompiler.framework/Versions/3902/Libraries/libmetal_timestamp.dylib
0x00007fff4f742000 	/System/Library/PrivateFrameworks/FamilyControls.framework/Versions/A/FamilyControls
0x00007fff4a45b000 	/System/Library/PrivateFrameworks/CommerceKit.framework/Versions/A/Frameworks/CommerceCore.framework/Versions/A/CommerceCore
0x00007fff63d3d000 	/System/Library/PrivateFrameworks/SystemAdministration.framework/Versions/A/SystemAdministration
0x00007fff4dccf000 	/System/Library/PrivateFrameworks/DiskManagement.framework/Versions/A/DiskManagement
0x00007fff35906000 	/System/Library/Frameworks/DirectoryService.framework/Versions/A/DirectoryService
0x00007fff4dc06000 	/System/Library/PrivateFrameworks/DiskImages.framework/Versions/A/DiskImages
0x00007fff58f25000 	/System/Library/PrivateFrameworks/LoginUIKit.framework/Versions/A/Frameworks/LoginUICore.framework/Versions/A/LoginUICore
0x00007fff6a1d7000 	/usr/lib/libCoreStorage.dylib
0x00007fff6b34d000 	/usr/lib/libcsfde.dylib
0x00007fff6c5cc000 	/usr/lib/libodfde.dylib
0x00007fff59a11000 	/System/Library/PrivateFrameworks/MediaKit.framework/Versions/A/MediaKit
0x00007fff35912000 	/System/Library/Frameworks/DiscRecording.framework/Versions/A/DiscRecording
0x00007fff4de85000 	/System/Library/PrivateFrameworks/EFILogin.framework/Versions/A/EFILogin
0x00007fff5f30e000 	/System/Library/PrivateFrameworks/ProtectedCloudStorage.framework/Versions/A/ProtectedCloudStorage
0x00007fff6b3c1000 	/usr/lib/libcurl.4.dylib
0x00007fff6b246000 	/usr/lib/libcrypto.44.dylib
0x00007fff6c9f1000 	/usr/lib/libssl.46.dylib
0x00007fff38026000 	/System/Library/Frameworks/LDAP.framework/Versions/A/LDAP
0x00007fff64715000 	/System/Library/PrivateFrameworks/TrustEvaluationAgent.framework/Versions/A/TrustEvaluationAgent
0x00007fff6c6fe000 	/usr/lib/libsasl2.2.dylib
0x00007fff4b2fb000 	/System/Library/PrivateFrameworks/CoreDaemon.framework/Versions/B/CoreDaemon
0x00007fff47533000 	/System/Library/PrivateFrameworks/AppleSRP.framework/Versions/A/AppleSRP
0x00007fff663e7000 	/System/Library/PrivateFrameworks/ViewBridge.framework/Versions/A/ViewBridge
0x00007fff67678000 	/System/Library/PrivateFrameworks/login.framework/Versions/A/login
0x00007fff3e1f7000 	/System/Library/Frameworks/OpenGL.framework/Versions/A/Resources/GLEngine.bundle/GLEngine
0x00007fff3d5da000 	/System/Library/Frameworks/OpenGL.framework/Versions/A/Libraries/libGLProgrammability.dylib
0x00007fff2b05d000 	/System/Library/Extensions/AppleIntelKBLGraphicsGLDriver.bundle/Contents/MacOS/AppleIntelKBLGraphicsGLDriver
0x00007fff54b43000 	/System/Library/PrivateFrameworks/GPUSupport.framework/Versions/A/Libraries/libGPUSupportMercury.dylib
0x00007fff3e371000 	/System/Library/Frameworks/OpenGL.framework/Versions/A/Resources/GLRendererFloat.bundle/GLRendererFloat
0x00007fff3cb93000 	/System/Library/Frameworks/OpenCL.framework/Versions/A/Libraries/libcldcpuengine.dylib
0x000000011e8a2000 	/Library/Internet Plug-Ins/JavaAppletPlugin.plugin/Contents/Home/lib/libfontmanager.dylib
0x000000011e909000 	/Library/Internet Plug-Ins/JavaAppletPlugin.plugin/Contents/Home/lib/libosxui.dylib
0x000000011e912000 	/Library/Internet Plug-Ins/JavaAppletPlugin.plugin/Contents/Home/lib/libjpeg.dylib
0x000000011edd7000 	/Library/Internet Plug-Ins/JavaAppletPlugin.plugin/Contents/Home/lib/libnet.dylib
0x000000011edee000 	/Library/Internet Plug-Ins/JavaAppletPlugin.plugin/Contents/Home/lib/libnio.dylib
0x00007fff55ff4000 	/System/Library/PrivateFrameworks/HDRProcessing.framework/Versions/A/HDRProcessing
0x0000000154b27000 	/Library/Internet Plug-Ins/JavaAppletPlugin.plugin/Contents/Home/lib/libdcpr.dylib
0x00007fff458e0000 	/System/Library/PrivateFrameworks/AccessibilityBundles.framework/Versions/A/AccessibilityBundles
0x00007fff49716000 	/System/Library/PrivateFrameworks/CloudDocs.framework/Versions/A/CloudDocs
0x00007fff63551000 	/System/Library/PrivateFrameworks/SpotlightIndex.framework/Versions/A/SpotlightIndex
0x00007fff5e47f000 	/System/Library/PrivateFrameworks/PowerLog.framework/Versions/A/PowerLog
0x00007fff3262a000 	/System/Library/Frameworks/CloudKit.framework/Versions/A/CloudKit
0x00007fff4750c000 	/System/Library/PrivateFrameworks/ApplePushService.framework/Versions/A/ApplePushService
0x00007fff48b0a000 	/System/Library/PrivateFrameworks/C2.framework/Versions/A/C2
0x00007fff344c5000 	/System/Library/Frameworks/CoreLocation.framework/Versions/A/CoreLocation
0x00007fff3e854000 	/System/Library/Frameworks/PushKit.framework/Versions/A/PushKit
0x00007fff3a16b000 	/System/Library/Frameworks/NetworkExtension.framework/Versions/A/NetworkExtension
0x00007fff6c4f8000 	/usr/lib/libnetworkextension.dylib
0x00007fff4de4f000 	/System/Library/PrivateFrameworks/EAP8021X.framework/Versions/A/EAP8021X
0x00007fff54eb3000 	/System/Library/PrivateFrameworks/GeoServices.framework/Versions/A/GeoServices
0x00007fff58ea8000 	/System/Library/PrivateFrameworks/LocationSupport.framework/Versions/A/LocationSupport

VM Arguments:
java_command: /Users/admin/Library/Mobile Documents/com~apple~CloudDocs/UVIC/Summer_2020/CSC_230/Assignments/Ass4/mars-4-point-5.jar
java_class_path (initial): /Users/admin/Library/Mobile Documents/com~apple~CloudDocs/UVIC/Summer_2020/CSC_230/Assignments/Ass4/mars-4-point-5.jar
Launcher Type: SUN_STANDARD

Environment Variables:
PATH=/usr/bin:/bin:/usr/sbin:/sbin
SHELL=/bin/zsh
DISPLAY=/private/tmp/com.apple.launchd.ppMj7owwFr/org.macosforge.xquartz:0

Signal Handlers:
SIGSEGV: [libjvm.dylib+0x5b67a9], sa_mask[0]=11111111011111110111111111111111, sa_flags=SA_ONSTACK|SA_RESTART|SA_SIGINFO
SIGBUS: [libjvm.dylib+0x5b67a9], sa_mask[0]=11111111011111110111111111111111, sa_flags=SA_RESTART|SA_SIGINFO
SIGFPE: [libjvm.dylib+0x48bf5c], sa_mask[0]=11111111011111110111111111111111, sa_flags=SA_RESTART|SA_SIGINFO
SIGPIPE: [libjvm.dylib+0x48bf5c], sa_mask[0]=11111111011111110111111111111111, sa_flags=SA_RESTART|SA_SIGINFO
SIGXFSZ: [libjvm.dylib+0x48bf5c], sa_mask[0]=11111111011111110111111111111111, sa_flags=SA_RESTART|SA_SIGINFO
SIGILL: [libjvm.dylib+0x48bf5c], sa_mask[0]=11111111011111110111111111111111, sa_flags=SA_RESTART|SA_SIGINFO
SIGUSR1: SIG_DFL, sa_mask[0]=00000000000000000000000000000000, sa_flags=none
SIGUSR2: [libjvm.dylib+0x48ba7a], sa_mask[0]=00000000000000000000000000000000, sa_flags=SA_RESTART|SA_SIGINFO
SIGHUP: [libjvm.dylib+0x48a005], sa_mask[0]=11111111011111110111111111111111, sa_flags=SA_RESTART|SA_SIGINFO
SIGINT: [libjvm.dylib+0x48a005], sa_mask[0]=11111111011111110111111111111111, sa_flags=SA_RESTART|SA_SIGINFO
SIGTERM: [libjvm.dylib+0x48a005], sa_mask[0]=11111111011111110111111111111111, sa_flags=SA_RESTART|SA_SIGINFO
SIGQUIT: [libjvm.dylib+0x48a005], sa_mask[0]=11111111011111110111111111111111, sa_flags=SA_RESTART|SA_SIGINFO


---------------  S Y S T E M  ---------------

OS:Bsduname:Darwin 19.6.0 Darwin Kernel Version 19.6.0: Sun Jul  5 00:43:10 PDT 2020; root:xnu-6153.141.1~9/RELEASE_X86_64 x86_64
rlimit: STACK 8192k, CORE 0k, NPROC 1392, NOFILE 10240, AS infinity
load average:2.05 1.81 1.81

CPU:total 4 (initial active 4) (2 cores per cpu, 2 threads per core) family 6 model 142 stepping 9, cmov, cx8, fxsr, mmx, sse, sse2, sse3, ssse3, sse4.1, sse4.2, popcnt, avx, avx2, aes, clmul, erms, 3dnowpref, lzcnt, ht, tsc, tscinvbit, bmi1, bmi2, adx

Memory: 4k page, physical 8388608k(18556k free)

/proc/meminfo:


vm_info: Java HotSpot(TM) 64-Bit Server VM (25.192-b12) for bsd-amd64 JRE (1.8.0_192-b12), built on Oct  6 2018 09:36:52 by "java_re" with gcc 4.2.1 (Based on Apple Inc. build 5658) (LLVM build 2336.11.00)

time: Thu Jul 23 15:25:44 2020
timezone: PDT
elapsed time: 19409 seconds (0d 5h 23m 29s)

